[debug] [2021-03-16T05:04:45.906Z] ----------------------------------------------------------------------
[debug] [2021-03-16T05:04:45.908Z] Command:       /usr/bin/node /usr/local/bin/firebase init
[debug] [2021-03-16T05:04:45.909Z] CLI Version:   9.6.1
[debug] [2021-03-16T05:04:45.909Z] Platform:      linux
[debug] [2021-03-16T05:04:45.909Z] Node Version:  v10.19.0
[debug] [2021-03-16T05:04:45.910Z] Time:          Tue Mar 16 2021 00:04:45 GMT-0500 (hora estándar de Colombia)
[debug] [2021-03-16T05:04:45.910Z] ----------------------------------------------------------------------
[debug] [2021-03-16T05:04:45.910Z] 
[debug] [2021-03-16T05:04:45.916Z] > command requires scopes: ["email","openid","https://www.googleapis.com/auth/cloudplatformprojects.readonly","https://www.googleapis.com/auth/firebase","https://www.googleapis.com/auth/cloud-platform"]
[debug] [2021-03-16T05:04:45.916Z] > authorizing via signed-in user
[info] 
     ######## #### ########  ######## ########     ###     ######  ########
     ##        ##  ##     ## ##       ##     ##  ##   ##  ##       ##
     ######    ##  ########  ######   ########  #########  ######  ######
     ##        ##  ##    ##  ##       ##     ## ##     ##       ## ##
     ##       #### ##     ## ######## ########  ##     ##  ######  ########

You're about to initialize a Firebase project in this directory:

  /home/danibella/Desktop/PROYECTOS HOLBERTON/copia_fire

[info] 
=== Project Setup
[info] 
[info] First, let's associate this project directory with a Firebase project.
[info] You can create multiple project aliases by running firebase use --add, 
[info] but for now we'll just set up a default project.
[info] 
[debug] [2021-03-16T05:04:52.459Z] >>> [apiv2][query] GET https://firebase.googleapis.com/v1beta1/projects pageSize=100
[debug] [2021-03-16T05:04:53.010Z] <<< [apiv2][status] GET https://firebase.googleapis.com/v1beta1/projects 200
[debug] [2021-03-16T05:04:53.011Z] <<< [apiv2][body] GET https://firebase.googleapis.com/v1beta1/projects [omitted]
[info] i  Using project tempo-ae12c (tempo) 
[info] 
=== Hosting Setup
[info] 
[info] Your public directory is the folder (relative to your project directory) that
[info] will contain Hosting assets to be uploaded with firebase deploy. If you
[info] have a build process for your assets, use your build's output directory.
[info] 
[info] ✔  Wrote public/404.html 
[debug] [2021-03-16T05:10:09.532Z] >>> [apiv2][query] GET https://www.gstatic.com/firebasejs/releases.json [none]
[debug] [2021-03-16T05:10:09.720Z] <<< [apiv2][status] GET https://www.gstatic.com/firebasejs/releases.json 200
[debug] [2021-03-16T05:10:09.721Z] <<< [apiv2][body] GET https://www.gstatic.com/firebasejs/releases.json {"current":{"version":"8.3.0","browserURL":"https://www.gstatic.com/firebasejs/8.3.0/firebase.js","packageURL":"https://www.gstatic.com/firebasejs/8.3.0/firebase.tgz"},"live":{"version":"8.3","browserURL":"https://www.gstatic.com/firebasejs/live/8.3/firebase.js","packageURL":"https://www.gstatic.com/firebasejs/live/8.3/firebase.tgz"},"components":{"analytics":"https://www.gstatic.com/firebasejs/8.3.0/firebase-analytics.js","app":"https://www.gstatic.com/firebasejs/8.3.0/firebase-app.js","auth":"https://www.gstatic.com/firebasejs/8.3.0/firebase-auth.js","database":"https://www.gstatic.com/firebasejs/8.3.0/firebase-database.js","firestore":"https://www.gstatic.com/firebasejs/8.3.0/firebase-firestore.js","functions":"https://www.gstatic.com/firebasejs/8.3.0/firebase-functions.js","installations":"https://www.gstatic.com/firebasejs/8.3.0/firebase-installations.js","messaging":"https://www.gstatic.com/firebasejs/8.3.0/firebase-messaging.js","storage":"https://www.gstatic.com/firebasejs/8.3.0/firebase-storage.js","performance":"https://www.gstatic.com/firebasejs/8.3.0/firebase-performance.js","remote-config":"https://www.gstatic.com/firebasejs/8.3.0/firebase-remote-config.js","firestore.memory":"https://www.gstatic.com/firebasejs/8.3.0/firebase-firestore.memory.js"}}
[info] i  Skipping write of public/index.html 
[info] 
[info] i  Detected a .git folder at /home/danibella/Desktop/PROYECTOS HOLBERTON/copia_fire 
[info] i  Authorizing with GitHub to upload your service account to a GitHub repository's secrets store. 
[info] 
[info] Visit this URL on this device to log in:
[info] https://github.com/login/oauth/authorize?client_id=89cf50f02ac6aaed3484&state=962998741&redirect_uri=http%3A%2F%2Flocalhost%3A9005&scope=read%3Auser%20repo%20public_repo
[info] 
[info] Waiting for authentication...
[debug] [2021-03-16T05:10:26.725Z] >>> HTTP REQUEST POST https://github.com/login/oauth/access_token  
 {"client_id":"89cf50f02ac6aaed3484","client_secret":"3330d14abc895d9a74d5f17cd7a00711fa2c5bf0","code":"7e6d216697cf9264ccca","redirect_uri":"http://localhost:9005","state":"962998741"}
[debug] [2021-03-16T05:10:28.135Z] <<< HTTP RESPONSE 200 {"server":"GitHub.com","date":"Tue, 16 Mar 2021 05:10:28 GMT","content-type":"application/json; charset=utf-8","transfer-encoding":"chunked","vary":"X-PJAX, Accept-Encoding, Accept, X-Requested-With","etag":"W/\"faf5c8018b310e328afc84a86909b59f\"","cache-control":"max-age=0, private, must-revalidate","strict-transport-security":"max-age=31536000; includeSubdomains; preload","x-frame-options":"deny","x-content-type-options":"nosniff","x-xss-protection":"0","referrer-policy":"origin-when-cross-origin, strict-origin-when-cross-origin","expect-ct":"max-age=2592000, report-uri=\"https://api.github.com/_private/browser/errors\"","content-security-policy":"default-src 'none'; base-uri 'self'; block-all-mixed-content; connect-src 'self' uploads.github.com www.githubstatus.com collector.githubapp.com api.github.com github-cloud.s3.amazonaws.com github-production-repository-file-5c1aeb.s3.amazonaws.com github-production-upload-manifest-file-7fdce7.s3.amazonaws.com github-production-user-asset-6210df.s3.amazonaws.com cdn.optimizely.com logx.optimizely.com/v1/events wss://alive.github.com; font-src github.githubassets.com; form-action 'self' github.com gist.github.com; frame-ancestors 'none'; frame-src render.githubusercontent.com; img-src 'self' data: github.githubassets.com identicons.github.com collector.githubapp.com github-cloud.s3.amazonaws.com secured-user-images.githubusercontent.com/ *.githubusercontent.com; manifest-src 'self'; media-src 'none'; script-src github.githubassets.com; style-src 'unsafe-inline' github.githubassets.com; worker-src github.com/socket-worker-6832eced.js gist.github.com/socket-worker-6832eced.js","x-github-request-id":"3D6B:7908:809E63:B2205A:60503DC3"}
[debug] [2021-03-16T05:10:28.169Z] >>> [apiv2][query] GET https://api.github.com/user [none]
[debug] [2021-03-16T05:10:29.173Z] <<< [apiv2][status] GET https://api.github.com/user 200
[debug] [2021-03-16T05:10:29.174Z] <<< [apiv2][body] GET https://api.github.com/user {"login":"daniela2001-png","id":58857379,"node_id":"MDQ6VXNlcjU4ODU3Mzc5","avatar_url":"https://avatars.githubusercontent.com/u/58857379?v=4","gravatar_id":"","url":"https://api.github.com/users/daniela2001-png","html_url":"https://github.com/daniela2001-png","followers_url":"https://api.github.com/users/daniela2001-png/followers","following_url":"https://api.github.com/users/daniela2001-png/following{/other_user}","gists_url":"https://api.github.com/users/daniela2001-png/gists{/gist_id}","starred_url":"https://api.github.com/users/daniela2001-png/starred{/owner}{/repo}","subscriptions_url":"https://api.github.com/users/daniela2001-png/subscriptions","organizations_url":"https://api.github.com/users/daniela2001-png/orgs","repos_url":"https://api.github.com/users/daniela2001-png/repos","events_url":"https://api.github.com/users/daniela2001-png/events{/privacy}","received_events_url":"https://api.github.com/users/daniela2001-png/received_events","type":"User","site_admin":false,"name":"Daniela Morales","company":null,"blog":"https://moralesshirley588.wixsite.com/miportafolio","location":"BOGOTA D.C","email":null,"hireable":true,"bio":null,"twitter_username":"Daniela10716033","public_repos":32,"public_gists":0,"followers":20,"following":1,"created_at":"2019-12-13T16:14:37Z","updated_at":"2021-03-16T05:10:26Z","private_gists":0,"total_private_repos":4,"owned_private_repos":4,"disk_usage":200337,"collaborators":1,"two_factor_authentication":false,"plan":{"name":"pro","space":976562499,"collaborators":0,"private_repos":9999}}
[info] 
[info] ✔  Success! Logged into GitHub as daniela2001-png 
[info] 
[debug] [2021-03-16T05:11:14.452Z] >>> [apiv2][query] GET https://api.github.com/repos//actions/secrets/public-key type=owner
[debug] [2021-03-16T05:11:14.978Z] <<< [apiv2][status] GET https://api.github.com/repos//actions/secrets/public-key 404
[debug] [2021-03-16T05:11:14.979Z] <<< [apiv2][body] GET https://api.github.com/repos//actions/secrets/public-key {"message":"Not Found","documentation_url":"https://docs.github.com/rest"}
